    Blocking waiting for file lock on package cache
    Blocking waiting for file lock on package cache
    Blocking waiting for file lock on package cache
    Blocking waiting for file lock on package cache
   Compiling opalescent v0.1.0 (/home/justi/Projects/opalescent)
    Finished `test` profile [unoptimized + debuginfo] target(s) in 5.42s
     Running unittests src/lib.rs (target/debug/deps/opalescent-dafae65f302c4d62)

running 1 test
test codegen::control_flow::tests::return_statement_rejects_payload_bearing_error_variants ... ok

test result: ok. 1 passed; 0 failed; 0 ignored; 0 measured; 1174 filtered out; finished in 0.01s

[31mopalescent::type_system::type_declaration_outside_types_file[0m

  [31m×[0m type declaration 'AppError' is not allowed in '.sisyphus/fixtures/payload_err.op'
   ╭─[[36;1;4m.sisyphus/fixtures/payload_err.op:4:1[0m]
 [2m3[0m │     ##
 [2m4[0m │ [35;1m╭[0m[35;1m─[0m[35;1m▶[0m type AppError:
 [2m5[0m │ [35;1m│[0m       NotFound:
 [2m6[0m │ [35;1m│[0m           reason: string
 [2m7[0m │ [35;1m├[0m[35;1m─[0m[35;1m▶[0m 
   · [35;1m╰[0m[35;1m───[0m[35;1m─[0m [35;1mtype declaration not allowed here[0m
 [2m8[0m │     let fail = f(): void errors AppError =>
 [2m9[0m │         return err: new AppError.NotFound:
   ╰────
[36m  help: [0mMove this type to a file ending in .types.op — the language spec requires type declarations to live in .types.op files


error: aborting due to 1 previous error
[31mopalescent::type_system::unresolved_import[0m

  [31m×[0m Unresolved import path './app.types'
   ╭─[[36;1;4m.sisyphus/fixtures/payload_err/src/main.op:1:13[0m]
 [2m1[0m │ import type AppError from ./app.types
   · [35;1m            ────┬───[0m
   ·                 [35;1m╰── [35;1mimport cannot be resolved[0m[0m
 [2m2[0m │ 
   ╰────
[36m  help: [0mCheck the import path and ensure the target module is registered


[31mopalescent::type_system::missing_doc_comment[0m

  [31m×[0m Public function 'main' is missing a documentation comment
    ╭─[[36;1;4m.sisyphus/fixtures/payload_err/src/main.op:10:7[0m]
 [2m 9[0m │     
 [2m10[0m │ [35;1m╭[0m[35;1m─[0m[35;1m▶[0m entry main = f(args: string[]): void =>
 [2m11[0m │ [35;1m│[0m       guard fail() into _ else err =>
 [2m12[0m │ [35;1m│[0m           print(err)
 [2m13[0m │ [35;1m│[0m           return void
 [2m14[0m │ [35;1m│[0m   
 [2m15[0m │ [35;1m├[0m[35;1m─[0m[35;1m▶[0m     return void
    · [35;1m╰[0m[35;1m───[0m[35;1m─[0m [35;1mmissing doc comment[0m
    ╰────
[36m  help: [0mAdd a ## documentation block with at least 30 characters before this function


[31mopalescent::type_system::undeclared_error_type[0m

  [31m×[0m Undeclared error type 'AppError'
    ╭─[[36;1;4m.sisyphus/fixtures/payload_err/src/main.op:6:12[0m]
 [2m 5[0m │     ##
 [2m 6[0m │ [35;1m╭[0m[35;1m─[0m[35;1m▶[0m let fail = f(): void errors AppError =>
 [2m 7[0m │ [35;1m│[0m       return err: new AppError.NotFound:
 [2m 8[0m │ [35;1m│[0m           reason: 'x'
 [2m 9[0m │ [35;1m├[0m[35;1m─[0m[35;1m▶[0m 
    · [35;1m╰[0m[35;1m───[0m[35;1m─[0m [35;1mundeclared error type[0m
 [2m10[0m │     entry main = f(args: string[]): void =>
 [2m11[0m │         guard fail() into _ else err =>
    ╰────
[36m  help: [0mEnsure the error type 'AppError' is defined and visible in the current scope.


error: aborting due to 3 previous errors
/bin/bash: line 1: ../../target/release/opalescent: No such file or directory
[31mopalescent::type_system::unresolved_import[0m

  [31m×[0m Unresolved import path './app.types'
   ╭─[[36;1;4msrc/main.op:1:8[0m]
 [2m1[0m │ import AppError from ./app.types
   · [35;1m       ────┬───[0m
   ·            [35;1m╰── [35;1mimport cannot be resolved[0m[0m
 [2m2[0m │ 
   ╰────
[36m  help: [0mCheck the import path and ensure the target module is registered


[31mopalescent::type_system::missing_doc_comment[0m

  [31m×[0m Public function 'main' is missing a documentation comment
    ╭─[[36;1;4msrc/main.op:13:7[0m]
 [2m12[0m │     ##
 [2m13[0m │ [35;1m╭[0m[35;1m─[0m[35;1m▶[0m entry main = f(args: string[]): void =>
 [2m14[0m │ [35;1m│[0m       guard fail() into _ else err =>
 [2m15[0m │ [35;1m│[0m           print(err)
 [2m16[0m │ [35;1m│[0m           return void
 [2m17[0m │ [35;1m│[0m   
 [2m18[0m │ [35;1m├[0m[35;1m─[0m[35;1m▶[0m     return void
    · [35;1m╰[0m[35;1m───[0m[35;1m─[0m [35;1mmissing doc comment[0m
    ╰────
[36m  help: [0mAdd a ## documentation block with at least 30 characters before this function


[31mopalescent::type_system::undeclared_error_type[0m

  [31m×[0m Undeclared error type 'AppError'
    ╭─[[36;1;4msrc/main.op:6:12[0m]
 [2m 5[0m │     ##
 [2m 6[0m │ [35;1m╭[0m[35;1m─[0m[35;1m▶[0m let fail = f(): void errors AppError =>
 [2m 7[0m │ [35;1m│[0m       return err: new AppError.NotFound:
 [2m 8[0m │ [35;1m│[0m           reason: 'x'
 [2m 9[0m │ [35;1m│[0m   
 [2m10[0m │ [35;1m│[0m   ##
 [2m11[0m │ [35;1m│[0m     Description: Runs the T7 payload-bearing error fixture to trigger the codegen guardrail.
 [2m12[0m │ [35;1m├[0m[35;1m─[0m[35;1m▶[0m ##
    · [35;1m╰[0m[35;1m───[0m[35;1m─[0m [35;1mundeclared error type[0m
 [2m13[0m │     entry main = f(args: string[]): void =>
 [2m14[0m │         guard fail() into _ else err =>
    ╰────
[36m  help: [0mEnsure the error type 'AppError' is defined and visible in the current scope.


error: aborting due to 3 previous errors
