[31mopalescent::type_system::unresolved_import[0m

  [31m×[0m Unresolved import path './app.types'
   ╭─[[36;1;4msrc/main.op:1:8[0m]
 [2m1[0m │ import AppError from ./app.types
   · [35;1m       ────┬───[0m
   ·            [35;1m╰── [35;1mimport cannot be resolved[0m[0m
 [2m2[0m │ 
   ╰────
[36m  help: [0mCheck the import path and ensure the target module is registered


[31mopalescent::type_system::undeclared_error_type[0m

  [31m×[0m Undeclared error type 'AppError'
    ╭─[[36;1;4msrc/main.op:6:15[0m]
 [2m 5[0m │     ##
 [2m 6[0m │ [35;1m╭[0m[35;1m─[0m[35;1m▶[0m let do_work = f(flag: boolean): void errors AppError =>
 [2m 7[0m │ [35;1m│[0m       if flag:
 [2m 8[0m │ [35;1m│[0m           return void
 [2m 9[0m │ [35;1m│[0m       return err: NotFound
 [2m10[0m │ [35;1m│[0m   
 [2m11[0m │ [35;1m│[0m   ##
 [2m12[0m │ [35;1m│[0m     Description: Runs the T7 void-errors return fixture and prints the captured error.
 [2m13[0m │ [35;1m├[0m[35;1m─[0m[35;1m▶[0m ##
    · [35;1m╰[0m[35;1m───[0m[35;1m─[0m [35;1mundeclared error type[0m
 [2m14[0m │     entry main = f(args: string[]): void =>
 [2m15[0m │         guard do_work(true) into _ else err =>
    ╰────
[36m  help: [0mEnsure the error type 'AppError' is defined and visible in the current scope.


error: aborting due to 2 previous errors
