   Compiling opalescent v0.1.0 (/home/justi/Projects/opalescent)
    Finished `test` profile [unoptimized + debuginfo] target(s) in 6.36s
     Running unittests src/lib.rs (target/debug/deps/opalescent-dafae65f302c4d62)

running 2 tests
test codegen::tests::test_build_function_type_errors_aggregate_return_reports_codegen_error ... ok
test codegen::tests::test_build_function_type_errors_unit_returns_two_field_struct ... ok

test result: ok. 2 passed; 0 failed; 0 ignored; 0 measured; 1171 filtered out; finished in 0.00s

     Running unittests src/main.rs (target/debug/deps/opalescent-4b4284cf980a5b0e)

running 0 tests

test result: ok. 0 passed; 0 failed; 0 ignored; 0 measured; 0 filtered out; finished in 0.00s

     Running tests/fmt_integration.rs (target/debug/deps/fmt_integration-b4fb73912c22dcf9)

running 0 tests

test result: ok. 0 passed; 0 failed; 0 ignored; 0 measured; 0 filtered out; finished in 0.00s

     Running tests/hot_reload_integration.rs (target/debug/deps/hot_reload_integration-6d726059e7511381)

running 0 tests

test result: ok. 0 passed; 0 failed; 0 ignored; 0 measured; 0 filtered out; finished in 0.00s

     Running tests/integration_e2e.rs (target/debug/deps/integration_e2e-cddd74ffbcf58c7c)

running 0 tests

test result: ok. 0 passed; 0 failed; 0 ignored; 0 measured; 0 filtered out; finished in 0.00s

     Running tests/integration_print.rs (target/debug/deps/integration_print-7430c9244a472c06)

running 0 tests

test result: ok. 0 passed; 0 failed; 0 ignored; 0 measured; 0 filtered out; finished in 0.00s

