Timestamp: 2026-04-28T05:19:04Z -> 2026-04-28T05:19:04Z
Command: cargo test --features integration fs_markdown_roundtrip

--- STDOUT ---

running 0 tests

test result: ok. 0 passed; 0 failed; 0 ignored; 0 measured; 1170 filtered out; finished in 0.00s


running 0 tests

test result: ok. 0 passed; 0 failed; 0 ignored; 0 measured; 0 filtered out; finished in 0.00s


running 0 tests

test result: ok. 0 passed; 0 failed; 0 ignored; 0 measured; 14 filtered out; finished in 0.00s


running 0 tests

test result: ok. 0 passed; 0 failed; 0 ignored; 0 measured; 3 filtered out; finished in 0.00s


running 1 test
test tests::fs_markdown_roundtrip::fs_markdown_roundtrip ... ok

test result: ok. 1 passed; 0 failed; 0 ignored; 0 measured; 110 filtered out; finished in 0.33s


running 0 tests

test result: ok. 0 passed; 0 failed; 0 ignored; 0 measured; 2 filtered out; finished in 0.00s

--- STDERR ---
    Finished `test` profile [unoptimized + debuginfo] target(s) in 0.04s
     Running unittests src/lib.rs (target/debug/deps/opalescent-033dd992ae8b06fd)
     Running unittests src/main.rs (target/debug/deps/opalescent-1022cef4f35ac85a)
     Running tests/fmt_integration.rs (target/debug/deps/fmt_integration-a4969f9e5cc4d20e)
     Running tests/hot_reload_integration.rs (target/debug/deps/hot_reload_integration-5d8106ff6216d2d2)
     Running tests/integration_e2e.rs (target/debug/deps/integration_e2e-90a6cd731a338c60)
     Running tests/integration_print.rs (target/debug/deps/integration_print-4ad08da74fd6bcfb)

Exit code: 0
PASS: yes
