    Finished `test` profile [unoptimized + debuginfo] target(s) in 0.07s
     Running tests/integration_e2e.rs (target/debug/deps/integration_e2e-66bb05ee46e96da7)

running 159 tests
test tests::compile_failures::mutable_ref_fails_to_compile ... ok
test tests::compile_failures::ambiguous_guard_if_project_fails_with_miette_help ... ok
test tests::compile_failures::immutability_compile_error ... ok
test tests::compile_failures::multiple_entry_fails_to_compile ... ok
test tests::compile_failures::no_doc_comments_fails_to_compile ... ok
test tests::compile_failures::ref_basic_fails_to_compile ... ok
test tests::compile_failures::type_declaration_in_regular_file_is_rejected ... ok
test tests::compile_failures::value_declaration_in_types_file_is_rejected ... ok
test tests::emit_object_file_creates_valid_object ... ok
test tests::bytes_stdlib::bytes_stdlib_inferred_constructor ... ok
test tests::bytes_stdlib::bytes_hex_roundtrip_compiles_and_runs ... ok
test tests::fs_absolute_path_sync::absolute_path_sync_allocates_errors_and_keeps_absolute_inputs ... ok
test tests::bytes_stdlib::empty_bytes_via_bytes_new ... ok
test tests::bytes_stdlib::empty_bytes_via_new_bytes ... ok
test tests::fib_iterative_compiles_links_and_runs ... ok
test tests::fib_recursive_compiles_links_and_runs ... ok
test tests::fs_absolute_path_sync::fs_absolute_path_sync_fixture_showcase ... ok
test tests::fs_append_file_string::append_creates_new ... ok
test tests::fs_append_file_string::append_existing ... ok
test tests::fs_copy_file::copy_file_dest_isdir ... ok
test tests::fs_copy_file::copy_file_dest_parent_missing ... ok
test tests::fs_append_file_string::append_isdir ... ok
test tests::fs_copy_file::copy_file_src_missing ... ok
test tests::fs_delete_directory_recursive::fs_empty_directory_workflow_from_op_source ... ok
test tests::fs_append_log::fs_append_log ... ok
test tests::fs_delete_directory_recursive::fs_recursive_delete_missing_path_error_from_op_source ... ok
test tests::fs_append_file_string::append_not_found ... ok
test tests::fs_delete_directory_recursive::fs_recursive_delete_from_op_source ... ok
test tests::fs_directories::mkdir_rmdir_roundtrip ... ok
test tests::fs_directories::list_directory_sorted ... ok
test tests::fs_dir_inventory::fs_dir_inventory ... ok
test tests::fs_directories::rmdir_not_empty ... ok
test tests::fs_append_log::fs_append_log_monotonic ... ok
test tests::fs_join_path_components::join_handles_absolute_reset ... ok
test tests::fs_copy_file::copy_file_src_isdir ... ok
test tests::fs_join_path_components::fs_join_path_components_fixture_showcase ... ok
test tests::fs_copy_file::copy_file_10mb ... ok
test tests::fs_directories::mkdirp_accepts_existing_ancestor_directories ... ok
test tests::fs_join_path_components::join_windows_absolute_components_reset_accumulator ... ok
test tests::fs_markdown_roundtrip::fs_markdown_roundtrip ... ok
test tests::fs_join_path_components::join_canonical_matrix ... ok
test tests::fs_metadata::list_directory_rejects_file_path ... ok
test tests::fs_metadata::metadata_size_mtime ... ok
test tests::fs_metadata::list_directory_not_found ... ok
test tests::fs_metadata::remove_file_not_found ... ok
test tests::fs_directory_operations::fs_directory_operations ... ok
test tests::fs_normalize_path::fs_normalize_path_fixture_showcase ... ok
test tests::fs_normalize_path::normalize_canonical_matrix ... ok
test tests::fs_metadata::remove_file_isdir ... ok
test tests::fs_path_helpers_query::fs_path_helpers_query_fixture_showcase ... ok
test tests::fs_metadata::remove_file_success ... ok
test tests::fs_normalize_path::normalize_windows_roots_and_mixed_separators ... ok
test tests::fs_path_from::fs_path_from_smoke ... ok
test tests::fs_path_from::path_from_handles_empty_via_sentinel ... ok
test tests::fs_read_bytes::read_file_to_bytes_isdir ... ok
test tests::fs_normalize_path::normalize_root_escape_returns_empty ... ok
test tests::fs_predicates::fs_predicates_matrix ... ok
test tests::fs_read_bytes::read_file_to_bytes_256_success ... ok
test tests::fs_path_manipulation::fs_path_manipulation ... ok
test tests::fs_read_first_line::read_first_line_crlf ... ok
test tests::fs_read_first_line::read_first_line_empty ... ok
test tests::fs_read_bytes::read_file_to_bytes_empty ... ok
test tests::fs_read_first_line::read_first_line_streaming_bounded ... ok
test tests::fs_read_first_line::read_first_line_not_found ... ok
test tests::fs_read_first_line::read_first_line_single_line_no_lf ... ok
test tests::fs_read_lines::read_file_to_lines_lf ... ok
test tests::fs_read_lines::read_file_to_lines_crlf ... ok
test tests::fs_read_first_line::read_first_line_multiline_lf ... ok
test tests::fs_read_bytes::read_file_to_bytes_not_found ... ok
test tests::fs_read_first_line::read_first_line_is_directory ... ok
test tests::fs_read_lines::read_file_to_lines_empty ... ok
test tests::fs_read_text::read_file_to_string_invalid_utf8 ... ok
test tests::fs_read_lines::read_file_to_lines_mixed ... ok
test tests::fs_read_text_lines::fs_read_text_lines_fixture_showcase ... ok
test tests::fs_read_text::read_file_to_string_success ... ok
test tests::fs_read_text::read_file_to_string_is_directory ... ok

thread 'tests::fs_state_guard::manifest_diff' panicked at tests/integration_e2e/fs_state_guard.rs:81:13:
FsStateGuard manifest mismatch for /tmp/.tmpJYRPF0
changed src/main.op (expected a1be56390f31b8680f4e07df36587cb3f76ab3f991a664b0db534eaef62f2fbc, got 2c396b29e63851c7da01ee8e75359a1b3b54480b5a30eb83d5b1ccb499324e00)
note: run with `RUST_BACKTRACE=1` environment variable to display a backtrace
test tests::fs_state_guard::manifest_diff ... ok
test tests::fs_state_guard::smoke ... ok
test tests::fs_read_lines::read_file_to_lines_trailing_newline ... ok
test tests::fs_rename_path::rename_not_found ... ok
test tests::fs_read_text::read_file_to_string_not_found has been running for over 60 seconds
test tests::fs_rename_path::rename_cross_device has been running for over 60 seconds
test tests::fs_rerunnability::fs_rerunnability ... ok
test tests::fs_rename_path::rename_overwrite has been running for over 60 seconds
test tests::fs_write_file_bytes::write_file_bytes_isdir ... ok
test tests::fs_rename_path::rename_overwrite ... ok
test tests::fs_rename_path::rename_within_fs has been running for over 60 seconds
test tests::fs_rename_path::rename_within_fs ... ok
test tests::fs_write_file_string::write_file_string_disk_full ... ok
test tests::fs_write_file_bytes::write_file_bytes_256_roundtrip has been running for over 60 seconds
test tests::fs_write_file_bytes::write_file_bytes_256_roundtrip ... ok
test tests::fs_write_file_bytes::write_file_bytes_empty has been running for over 60 seconds
test tests::fs_write_file_bytes::write_file_bytes_empty ... ok
test tests::fs_write_file_string::write_file_string_success ... ok
test tests::guard_optional_binding::guard_error_clause_return_err_stays_rejected ... ok
test tests::guard_optional_binding::guard_error_clause_shadowed_err_still_propagates_original_guard_error ... ok
test tests::fs_read_text::read_file_to_string_not_found ... ok
test tests::guard_optional_binding::guard_error_clause_side_effect_then_propagate_err_compiles_links_and_runs ... ok
test tests::guard_optional_binding::guard_optional_binding_compiles_behaviorally ... ok
test tests::guard_shorthand::guard_shorthand_project_compiles_links_and_runs ... ok
test tests::guard_optional_binding::guard_named_binding_still_compiles_links_and_runs ... ok
test tests::fs_write_file_bytes::write_file_bytes_not_found ... ok
test tests::guard_stmt::guard_stmt_bare_fallible_append_project_emits_unhandled_call_diagnostic ... ok
test tests::guard_stmt::guard_stmt_ignored_alias_project_emits_missing_terminal_diagnostic ... ok
test tests::guard_stmt::guard_stmt_only_propagate_project_emits_shorthand_guidance ... ok
test tests::guard_stmt::guard_stmt_print_only_project_emits_missing_terminal_diagnostic ... ok
test tests::guard_stmt::delete_downloads_project_compiles_and_runs_with_strict_terminal_handlers ... ok
test tests::fs_rename_path::rename_cross_device ... ok
test tests::guard_stmt::guard_stmt_return_err_banned_project_emits_return_err_diagnostic ... ok
test tests::guard_stmt::guard_stmt_success_binding_leak_project_emits_scope_diagnostic ... ok
test tests::guard_stmt::delete_downloads_strict_project_compiles_and_runs_with_strict_terminal_handlers ... ok
test tests::guard_stmt::guard_stmt_wrapper_invalid_alias_project_emits_wrapper_source_diagnostic ... ok
test tests::guard_stmt::guard_stmt_propagate_call_valid_project_compiles_links_and_runs ... ok
test tests::guard_stmt::guard_stmt_wrapper_invalid_missing_source_project_emits_wrapper_source_diagnostic ... ok
test tests::guard_stmt::guard_stmt_wrapper_invalid_shadowed_project_emits_wrapper_source_diagnostic ... ok
test tests::guard_stmt::guard_stmt_propagate_err_project_compiles_links_and_runs ... ok
test tests::fs_write_file_string::write_file_string_isdir ... ok
test tests::guard_stmt::guard_stmt_typed_binding_project_compiles_links_and_runs ... ok
test tests::guard_stmt::guard_stmt_wrapper_valid_project_compiles_links_and_runs ... ok
test tests::hello_world_compiles_links_and_runs ... ok
test tests::interactive_io::simple_quiz_compiles_links_and_runs ... ok
array-bounds target dir: /tmp/opalescent-probe-target-array-bounds-124403-1779137348574584427
test tests::link_produces_executable ... ok
cast-safety target dir: /tmp/opalescent-probe-target-cast-safety-124403-1779137348736343224
test tests::fs_write_file_string::write_file_string_not_found ... ok
test tests::project_execution::entry_in_wrong_file_fails_with_entry_not_in_main_module ... ok
import-types-aliased target dir: /tmp/opalescent-probe-target-import-types-aliased-124403-1779137348790482020
test tests::loop_expression_break_value_compiles_and_runs ... ok
import-types-basic target dir: /tmp/opalescent-probe-target-import-types-basic-124403-1779137348846301115
test tests::op_cat::op_cat_error_path_continues_to_next_arg ... ok
import-types-multiple target dir: /tmp/opalescent-probe-target-import-types-multiple-124403-1779137348965494615
test tests::op_cat::op_cat_happy_path_prints_file_contents ... ok
lambda-basic target dir: /tmp/opalescent-probe-target-lambda-basic-124403-1779137348982266871
test tests::project_execution::array_bounds_trap_exits_nonzero ... ok
multi-file target dir: /tmp/opalescent-probe-target-multi-file-project-124403-1779137348999431278
test tests::project_execution::import_types_aliased_compiles_and_runs ... ok
overflow-trap target dir: /tmp/opalescent-probe-target-overflow-trap-124403-1779137349157962710
test tests::project_execution::cast_safety_compiles_and_runs ... ok
test tests::project_execution::package_import_fails_with_not_supported ... ok
should-print-final-result target dir: /tmp/opalescent-probe-target-should-print-final-result-124403-1779137349178645694
test tests::fs_write_text_atomic::fs_write_text_atomic ... ok
string-interp-long target dir: /tmp/opalescent-probe-target-string-interp-long-124403-1779137349189745030
test tests::project_execution::import_types_basic_compiles_and_runs ... ok
iterative-drop target dir: /tmp/opalescent-probe-target-iterative-drop-124403-1779137349285320666
test tests::project_execution::lambda_basic_compiles_and_returns_correct_value ... ok
rc-basic target dir: /tmp/opalescent-probe-target-rc-basic-124403-1779137349345905127
test tests::project_execution::import_types_multiple_compiles_and_runs ... ok
rc-reuse target dir: /tmp/opalescent-probe-target-rc-reuse-124403-1779137349358634689
test tests::project_execution::multi_file_project_compiles_and_runs ... ok
weak-ref target dir: /tmp/opalescent-probe-target-weak-ref-124403-1779137349473604919
test tests::project_execution::overflow_trap_exits_nonzero ... ok
test tests::project_execution::string_interp_long_does_not_crash ... ok
test tests::project_execution::should_print_final_result_compiles_and_runs ... ok
test tests::project_execution_rc::iterative_drop_compiles_and_runs ... ok
test tests::project_execution_rc::rc_basic_compiles_and_runs ... ok
test tests::project_execution_rc::rc_reuse_compiles_and_runs ... ok
test tests::project_execution_rc::weak_ref_compiles_and_runs ... ok
test tests::smoke_void_program_compiles_links_and_runs ... ok
test tests::stdout_writer_stdlib::stdout_writer_write_flush ... ok
test tests::stdout_text_stdlib::print_text_flush_writes_without_newline ... ok
test tests::stdout_writer_stdlib::stdout_writer_interleaves_with_print_text ... ok
test tests::string_builder_stdlib::string_builder_push_finish ... ok
test tests::string_builder_stdlib::string_builder_use_after_finish_errors ... ok
test tests::string_join_stdlib::string_join_basic_smoke ... ok
test tests::string_join_stdlib::string_join_empty_and_single ... ok
test tests::terminal_stdlib::terminal_draw_rows_bytes ... ok
test tests::terminal_stdlib::terminal_clear_screen_ansi_bytes ... ok
test tests::time_stdlib::new_frameclock_extra_field ... ok
test tests::time_stdlib::new_frameclock_missing_field ... ok
test tests::time_stdlib::new_frameclock_wrong_type ... ok
test tests::terminal_stdlib::terminal_move_cursor_zero_based_ansi_bytes ... ok
test tests::game_of_life::game_of_life_ten_frames ... ok
test tests::time_stdlib::frame_clock_rejects_negative_fps ... ok
test tests::terminal_stdlib::terminal_move_cursor_rejects_negative ... ok
test tests::time_stdlib::frame_clock_rejects_zero_fps ... ok
test tests::time_stdlib::sleep_ms_sync_50ms_timing ... ok
test tests::time_stdlib::frame_clock_30fps_ten_waits_timing ... ok
test tests::time_stdlib::sleep_ms_sync_rejects_negative ... ok
test tests::time_stdlib::frame_clock_rejects_invalid_fps ... ok

test result: ok. 159 passed; 0 failed; 0 ignored; 0 measured; 0 filtered out; finished in 92.65s

