Task 0 — De-risking Spike: Windows CI build
Date: 2026-04-21

Branch: windows-spike
Commit: f4f9c23
Workflow file: .github/workflows/ci.yml

CI trigger/run status:
- gh CLI is not available in this environment (`gh: command not found`).
- Git push to origin failed due missing interactive credentials in CI-disabled shell:
  `fatal: could not read Username for 'https://github.com': terminal prompts disabled`
- Therefore, no GitHub Actions run URL could be captured from this environment.

Local regression gate (`cargo test --all-features`):
- Result: FAILED in this environment (pre-existing formatter integration test expectations mismatch)
- Summary excerpt:
  test result: FAILED. 2 passed; 12 failed; 0 ignored; 0 measured; 0 filtered out
  Failures from tests/fmt_integration.rs include:
  - tests::fmt_output_spaces_default_config
  - tests::fmt_output_tabs_to_spaces
  - tests::fmt_output_simple_quiz_golden

Notes:
- The spike workflow itself is minimal and targeted only at Windows release build + artifact upload.
- No Rust application source files were changed.
