    Finished `test` profile [unoptimized + debuginfo] target(s) in 0.05s
     Running unittests src/lib.rs (target/debug/deps/opalescent-033dd992ae8b06fd)

running 11 tests
test hot_reload::tests::fs_module_loader_returns_load_error_for_missing_library_path ... ok
test stdlib::tests::tests::test_fs_file_exists_after_write ... ok
test hot_reload::tests::fs_module_loader_hot_swap_rejects_abi_break_with_mock ... ok
test stdlib::tests::tests::test_fs_list_dir ... ok
test stdlib::tests::tests::test_fs_list_dir_empty ... ok
test stdlib::tests::tests::test_fs_write_overwrites ... ok
test stdlib::tests::tests::test_fs_write_then_read ... ok
test stdlib::tests::tests::test_fs_read_nonexistent ... ok
test stdlib::tests::tests::test_fs_file_exists_missing ... ok
test hot_reload::tests::fs_module_loader_loads_real_shared_library ... ok
test hot_reload::tests::fs_module_loader_hot_swap_with_real_library_abi_compat ... ok

test result: ok. 11 passed; 0 failed; 0 ignored; 0 measured; 1159 filtered out; finished in 0.31s

     Running unittests src/main.rs (target/debug/deps/opalescent-1022cef4f35ac85a)

running 0 tests

test result: ok. 0 passed; 0 failed; 0 ignored; 0 measured; 0 filtered out; finished in 0.00s

     Running tests/fmt_integration.rs (target/debug/deps/fmt_integration-a4969f9e5cc4d20e)

running 0 tests

test result: ok. 0 passed; 0 failed; 0 ignored; 0 measured; 14 filtered out; finished in 0.00s

     Running tests/hot_reload_integration.rs (target/debug/deps/hot_reload_integration-5d8106ff6216d2d2)

running 2 tests
test tests::hot_reload_fs_loader_returns_error_for_missing_library ... ok
test tests::hot_reload_fs_loader_loads_and_unloads_shared_library ... ok

test result: ok. 2 passed; 0 failed; 0 ignored; 0 measured; 1 filtered out; finished in 0.19s

     Running tests/integration_e2e.rs (target/debug/deps/integration_e2e-90a6cd731a338c60)

running 70 tests
test tests::fs_append_file_string::append_creates_new ... ok
test tests::fs_absolute_path_sync::fs_absolute_path_sync_fixture_showcase ... ok
test tests::fs_append_file_string::append_existing ... ok
test tests::fs_copy_file::copy_file_dest_isdir ... ok
test tests::fs_copy_file::copy_file_dest_parent_missing ... ok
test tests::fs_append_file_string::append_not_found ... ok
test tests::fs_copy_file::copy_file_src_missing ... ok
test tests::fs_dir_inventory::fs_dir_inventory ... ok
test tests::fs_directories::list_directory_sorted ... ok
test tests::fs_directories::mkdir_rmdir_roundtrip ... ok
test tests::fs_directories::rmdir_not_empty ... ok
test tests::fs_directory_operations::fs_directory_operations ... ok
test tests::fs_copy_file::copy_file_10mb ... ok
test tests::fs_copy_file::copy_file_src_isdir ... ok
test tests::fs_join_path_components::join_canonical_matrix ... ok
test tests::fs_join_path_components::join_handles_absolute_reset ... ok
test tests::fs_markdown_roundtrip::fs_markdown_roundtrip ... ok
test tests::fs_metadata::remove_file_isdir ... ok
test tests::fs_append_log::fs_append_log ... ok
test tests::fs_join_path_components::fs_join_path_components_fixture_showcase ... ok
test tests::fs_metadata::remove_file_success ... ok
test tests::fs_append_log::fs_append_log_monotonic ... ok
test tests::fs_normalize_path::fs_normalize_path_fixture_showcase ... ok
test tests::fs_append_file_string::append_isdir ... ok
test tests::fs_metadata::metadata_size_mtime ... ok
test tests::fs_path_from::fs_path_from_smoke ... ok
test tests::fs_metadata::remove_file_not_found ... ok
test tests::fs_path_manipulation::fs_path_manipulation ... ok
test tests::fs_path_helpers_query::fs_path_helpers_query_fixture_showcase ... ok
test tests::fs_normalize_path::normalize_canonical_matrix ... ok
test tests::fs_normalize_path::normalize_root_escape_returns_empty ... ok
test tests::fs_read_bytes::read_file_to_bytes_isdir ... ok
test tests::fs_read_bytes::read_file_to_bytes_not_found ... ok
test tests::fs_read_first_line::read_first_line_crlf ... ok
test tests::fs_path_from::path_from_handles_empty_via_sentinel ... ok
test tests::fs_read_bytes::read_file_to_bytes_256_success ... ok
test tests::fs_read_bytes::read_file_to_bytes_empty ... ok
test tests::fs_read_lines::read_file_to_lines_crlf ... ok
test tests::fs_read_first_line::read_first_line_single_line_no_lf ... ok
test tests::fs_read_first_line::read_first_line_streaming_bounded ... ok
test tests::fs_read_first_line::read_first_line_not_found ... ok
test tests::fs_read_lines::read_file_to_lines_empty ... ok
test tests::fs_read_lines::read_file_to_lines_lf ... ok
test tests::fs_read_lines::read_file_to_lines_mixed ... ok
test tests::fs_read_lines::read_file_to_lines_trailing_newline ... ok
test tests::fs_read_text::read_file_to_string_invalid_utf8 ... ok
test tests::fs_read_text::read_file_to_string_is_directory ... ok
test tests::fs_read_text::read_file_to_string_not_found ... ok
test tests::fs_read_text::read_file_to_string_success ... ok
test tests::fs_read_text_lines::fs_read_text_lines_fixture_showcase ... ok
test tests::fs_rename_path::rename_cross_device ... ok
test tests::fs_rename_path::rename_not_found ... ok
test tests::fs_state_guard::manifest_diff ... ok
test tests::fs_state_guard::smoke ... ok
test tests::fs_read_first_line::read_first_line_multiline_lf ... ok
test tests::fs_predicates::fs_predicates_matrix ... ok
test tests::fs_write_file_bytes::write_file_bytes_empty ... ok
test tests::fs_read_first_line::read_first_line_is_directory ... ok
test tests::fs_write_file_bytes::write_file_bytes_256_roundtrip ... ok
test tests::fs_write_file_bytes::write_file_bytes_isdir ... ok
test tests::fs_write_file_bytes::write_file_bytes_not_found ... ok
test tests::fs_write_file_string::write_file_string_disk_full ... ok
test tests::fs_write_file_string::write_file_string_isdir ... ok
test tests::fs_write_file_string::write_file_string_not_found ... ok
test tests::fs_write_file_string::write_file_string_success ... ok
test tests::fs_write_text_atomic::fs_write_text_atomic ... ok
test tests::fs_rerunnability::fs_rerunnability ... ok
test tests::fs_rename_path::rename_overwrite ... ok
test tests::fs_read_first_line::read_first_line_empty ... ok
test tests::fs_rename_path::rename_within_fs ... ok

test result: ok. 70 passed; 0 failed; 0 ignored; 0 measured; 32 filtered out; finished in 51.74s

     Running tests/integration_print.rs (target/debug/deps/integration_print-4ad08da74fd6bcfb)

running 0 tests

test result: ok. 0 passed; 0 failed; 0 ignored; 0 measured; 2 filtered out; finished in 0.00s

