    Finished `test` profile [unoptimized + debuginfo] target(s) in 0.06s
     Running unittests src/lib.rs (target/debug/deps/opalescent-033dd992ae8b06fd)

running 0 tests

test result: ok. 0 passed; 0 failed; 0 ignored; 0 measured; 1170 filtered out; finished in 0.00s

     Running unittests src/main.rs (target/debug/deps/opalescent-1022cef4f35ac85a)

running 0 tests

test result: ok. 0 passed; 0 failed; 0 ignored; 0 measured; 0 filtered out; finished in 0.00s

     Running tests/fmt_integration.rs (target/debug/deps/fmt_integration-a4969f9e5cc4d20e)

running 0 tests

test result: ok. 0 passed; 0 failed; 0 ignored; 0 measured; 14 filtered out; finished in 0.01s

     Running tests/hot_reload_integration.rs (target/debug/deps/hot_reload_integration-5d8106ff6216d2d2)

running 0 tests

test result: ok. 0 passed; 0 failed; 0 ignored; 0 measured; 3 filtered out; finished in 0.00s

     Running tests/integration_e2e.rs (target/debug/deps/integration_e2e-90a6cd731a338c60)

running 2 tests
test tests::op_cat::op_cat_happy_path_prints_file_contents ... FAILED
test tests::op_cat::op_cat_error_path_continues_to_next_arg ... FAILED

failures:

---- tests::op_cat::op_cat_happy_path_prints_file_contents stdout ----

thread 'tests::op_cat::op_cat_happy_path_prints_file_contents' panicked at tests/integration_e2e/op_cat.rs:83:5:
op-cat happy path should compile, run, and print the requested file contents: op-cat source should compile into a binary: code generation failed: array length binding is missing for intrinsic .length access
note: run with `RUST_BACKTRACE=1` environment variable to display a backtrace

---- tests::op_cat::op_cat_error_path_continues_to_next_arg stdout ----

thread 'tests::op_cat::op_cat_error_path_continues_to_next_arg' panicked at tests/integration_e2e/op_cat.rs:164:5:
op-cat error path should continue past a missing file and still print the next one: op-cat source should compile into a binary: code generation failed: array length binding is missing for intrinsic .length access


failures:
    tests::op_cat::op_cat_error_path_continues_to_next_arg
    tests::op_cat::op_cat_happy_path_prints_file_contents

test result: FAILED. 0 passed; 2 failed; 0 ignored; 0 measured; 102 filtered out; finished in 0.02s

error: test failed, to rerun pass `--test integration_e2e`
