   Compiling proc-macro2 v1.0.101
   Compiling unicode-ident v1.0.18
   Compiling memchr v2.7.5
   Compiling libc v0.2.175
   Compiling regex-syntax v0.8.8
   Compiling find-msvc-tools v0.1.9
   Compiling shlex v1.3.0
   Compiling semver v1.0.28
   Compiling object v0.36.7
   Compiling cc v1.2.60
   Compiling lazy_static v1.5.0
   Compiling adler2 v2.0.1
   Compiling cfg-if v1.0.3
   Compiling gimli v0.31.1
   Compiling aho-corasick v1.1.4
   Compiling rustix v1.0.8
   Compiling quote v1.0.40
   Compiling syn v2.0.106
   Compiling miniz_oxide v0.8.9
   Compiling thiserror v2.0.18
   Compiling bitflags v2.9.3
   Compiling regex-automata v0.4.14
   Compiling owo-colors v4.2.2
   Compiling rustc-demangle v0.1.26
   Compiling linux-raw-sys v0.9.4
   Compiling is_ci v1.2.0
   Compiling thiserror v1.0.69
   Compiling inkwell v0.8.0
   Compiling addr2line v0.24.2
   Compiling unicode-width v0.2.1
   Compiling unicode-linebreak v0.1.5
   Compiling supports-color v3.0.2
   Compiling textwrap v0.16.2
   Compiling once_cell v1.21.3
   Compiling unicode-width v0.1.14
   Compiling supports-hyperlinks v3.1.0
   Compiling terminal_size v0.4.3
   Compiling supports-unicode v3.0.0
   Compiling libloading v0.8.9
   Compiling unicode-xid v0.2.6
   Compiling regex v1.12.3
   Compiling llvm-sys v140.1.3
   Compiling thiserror-impl v2.0.18
   Compiling inkwell_internals v0.13.0
   Compiling miette-derive v7.6.0
   Compiling thiserror-impl v1.0.69
   Compiling backtrace v0.3.75
   Compiling backtrace-ext v0.2.1
   Compiling miette v7.6.0
   Compiling opalescent v0.1.0 (/home/justi/Projects/opalescent)
    Finished `release` profile [optimized] target(s) in 16.45s
