 M .sisyphus/boulder.json
 M .sisyphus/notepads/fs-test-projects-linux/issues.md
 M .sisyphus/notepads/fs-test-projects-linux/learnings.md
 M .sisyphus/plans/fs-test-projects-linux.md
?? .sisyphus/evidence/final-qa/20260428T021549Z-00-git-status-before.log
?? .sisyphus/evidence/final-qa/20260428T021549Z-01-cargo-clean.log
?? .sisyphus/evidence/final-qa/20260428T021549Z-02-fs-rerun-1.log
?? .sisyphus/evidence/final-qa/20260428T021549Z-03-fs-rerun-2.log
?? .sisyphus/evidence/final-qa/20260428T021549Z-04-git-status-after-reruns.log
?? .sisyphus/evidence/final-qa/f2-cargo-build-all-features.txt
?? .sisyphus/evidence/final-qa/f2-cargo-clippy-all-targets-all-features.txt
?? .sisyphus/evidence/final-qa/f2-cargo-fmt-check.txt
?? .sisyphus/evidence/final-qa/f2-cargo-test-all-features.txt
?? .sisyphus/evidence/final-qa/f3-cargo-clean.txt
?? .sisyphus/evidence/final-qa/f3-final-summary.txt
?? .sisyphus/evidence/final-qa/f3-fs-rerun-1.txt
?? .sisyphus/evidence/final-qa/f3-fs-rerun-2.txt
?? .sisyphus/evidence/final-qa/f3-git-status-short.txt
?? .sisyphus/evidence/final-qa/f3-msvc-full.txt
?? .sisyphus/evidence/final-qa/f3-msvc-report-undefined.txt
?? test-projects/_fs_path_file_extension/
?? test-projects/_fs_path_file_name/
?? test-projects/_fs_path_parent_directory/
?? test-projects/_fs_read_contents_happy/
?? test-projects/_fs_read_contents_is_dir/
?? test-projects/_fs_read_contents_not_found/
?? test-projects/_fs_read_lines_crlf/
?? test-projects/_fs_read_lines_lf/
?? test-projects/_fs_read_lines_mixed/
?? test-projects/_fs_read_offset_happy/
?? test-projects/_fs_read_offset_oob/
?? test-projects/_fs_read_text_happy/
?? test-projects/_fs_read_text_invalid_utf8/
