runtime/opal_msvc_link_probe.obj already exists, no checkout
error: could not restore untracked files from stash
On branch main
Your branch is ahead of 'origin/main' by 86 commits.
  (use "git push" to publish your local commits)

Changes not staged for commit:
  (use "git add <file>..." to update what will be committed)
  (use "git restore <file>..." to discard changes in working directory)
	modified:   .sisyphus/boulder.json
	modified:   .sisyphus/notepads/fs-test-projects-linux/issues.md
	modified:   .sisyphus/notepads/fs-test-projects-linux/learnings.md
	modified:   .sisyphus/plans/fs-test-projects-linux.md
	modified:   Makefile.toml
	modified:   runtime/opal_fs.c
	modified:   runtime/opal_portability.h
	modified:   src/app/tests.rs
	modified:   src/codegen/adts.rs
	modified:   src/codegen/control_flow.rs
	modified:   src/codegen/functions_call_helpers.rs
	modified:   src/codegen/functions_call_tests.rs
	modified:   src/codegen/functions_stdlib.rs
	modified:   src/codegen/statements.rs
	modified:   src/compiler.rs
	modified:   src/compiler/compiler_helpers.rs
	modified:   src/type_system/module_resolver/standard_symbols_core_io_and_bytes.rs
	modified:   test-projects/fmt-test/expected/input-clean-spaces.expected.op
	modified:   test-projects/fmt-test/expected/input-clean-tabs.expected.op
	modified:   test-projects/fmt-test/expected/input-comments.expected.op
	modified:   test-projects/fmt-test/expected/input-mixed-to-tabs.expected.op
	modified:   test-projects/fmt-test/expected/input-mixed.expected.op
	modified:   test-projects/fmt-test/expected/input-simple-quiz.expected.op
	modified:   test-projects/fmt-test/expected/input-spaces-2indent.expected.op
	modified:   test-projects/fmt-test/expected/input-spaces.expected.op
	modified:   test-projects/fmt-test/expected/input-tabs-to-tabs.expected.op
	modified:   test-projects/fmt-test/expected/input-tabs.expected.op
	modified:   tests/integration_e2e/compile_failures.rs
	modified:   tests/integration_e2e/fs_absolute_path_sync.rs
	modified:   tests/integration_e2e/fs_append_file_string.rs
	modified:   tests/integration_e2e/fs_append_log.rs
	modified:   tests/integration_e2e/fs_copy_file.rs
	modified:   tests/integration_e2e/fs_dir_inventory.rs
	modified:   tests/integration_e2e/fs_directories.rs
	modified:   tests/integration_e2e/fs_directory_operations.rs
	modified:   tests/integration_e2e/fs_helpers.rs
	modified:   tests/integration_e2e/fs_join_path_components.rs
	modified:   tests/integration_e2e/fs_markdown_roundtrip.rs
	modified:   tests/integration_e2e/fs_metadata.rs
	modified:   tests/integration_e2e/fs_normalize_path.rs
	modified:   tests/integration_e2e/fs_path_from.rs
	modified:   tests/integration_e2e/fs_path_helpers_query.rs
	modified:   tests/integration_e2e/fs_path_manipulation.rs
	modified:   tests/integration_e2e/fs_predicates.rs
	modified:   tests/integration_e2e/fs_read_bytes.rs
	modified:   tests/integration_e2e/fs_read_first_line.rs
	modified:   tests/integration_e2e/fs_read_lines.rs
	modified:   tests/integration_e2e/fs_read_text.rs
	modified:   tests/integration_e2e/fs_read_text_lines.rs
	modified:   tests/integration_e2e/fs_rename_path.rs
	modified:   tests/integration_e2e/fs_rerunnability.rs
	modified:   tests/integration_e2e/fs_state_guard.rs
	modified:   tests/integration_e2e/fs_write_file_bytes.rs
	modified:   tests/integration_e2e/fs_write_file_string.rs
	modified:   tests/integration_e2e/fs_write_text_atomic.rs
	modified:   tests/integration_e2e/project_execution.rs
	modified:   tests/integration_e2e/project_execution_rc.rs
	modified:   tests/integration_e2e/tests.rs

Untracked files:
  (use "git add <file>..." to include in what will be committed)
	.sisyphus/evidence/final-qa/20260428T021549Z-00-git-status-before.log
	.sisyphus/evidence/final-qa/20260428T021549Z-01-cargo-clean.log
	.sisyphus/evidence/final-qa/20260428T021549Z-02-fs-rerun-1.log
	.sisyphus/evidence/final-qa/20260428T021549Z-03-fs-rerun-2.log
	.sisyphus/evidence/final-qa/20260428T021549Z-04-git-status-after-reruns.log
	.sisyphus/evidence/final-qa/20260428T021549Z-05-msvc-full.log
	.sisyphus/evidence/final-qa/20260428T021549Z-06-msvc-undefined.log
	.sisyphus/evidence/final-qa/20260428T021549Z-07-edge-empty.log
	.sisyphus/evidence/final-qa/20260428T021549Z-08-edge-permission.log
	.sisyphus/evidence/final-qa/20260428T021549Z-09-edge-nonexistent.log
	.sisyphus/evidence/final-qa/20260428T033350Z-01-cargo-clean.log
	.sisyphus/evidence/final-qa/20260428T033350Z-02-fs-rerun-1.log
	.sisyphus/evidence/final-qa/20260428T033350Z-03-fs-rerun-2.log
	.sisyphus/evidence/final-qa/20260428T033350Z-04-git-status-after-reruns.log
	.sisyphus/evidence/final-qa/20260428T033350Z-05-msvc-full.log
	.sisyphus/evidence/final-qa/20260428T033350Z-06-msvc-undefined.log
	.sisyphus/evidence/final-qa/20260428T033350Z-07-edge-empty.log
	.sisyphus/evidence/final-qa/20260428T033350Z-08-edge-permission.log
	.sisyphus/evidence/final-qa/20260428T033350Z-09-edge-nonexistent.log
	.sisyphus/evidence/final-qa/20260428T033350Z-10-run-status.log
	.sisyphus/evidence/final-qa/20260428T040736Z-00-git-status-before.log
	.sisyphus/evidence/final-qa/20260428T040736Z-01-cargo-clean.log
	.sisyphus/evidence/final-qa/20260428T040736Z-02-fs-rerun-1.log
	.sisyphus/evidence/final-qa/20260428T040736Z-03-fs-rerun-2.log
	.sisyphus/evidence/final-qa/20260428T040736Z-04-git-status-after-reruns.log
	.sisyphus/evidence/final-qa/20260428T040736Z-05-msvc-full.log
	.sisyphus/evidence/final-qa/20260428T040736Z-06-msvc-undefined.log
	.sisyphus/evidence/final-qa/20260428T040736Z-07-edge-empty.log
	.sisyphus/evidence/final-qa/20260428T040736Z-08-edge-permission.log
	.sisyphus/evidence/final-qa/20260428T040736Z-09-edge-nonexistent.log
	.sisyphus/evidence/final-qa/20260428T040736Z-10-run-status.log
	.sisyphus/evidence/final-qa/20260428T041229Z-00-git-status-before.log
	.sisyphus/evidence/final-qa/20260428T041229Z-01-cargo-clean.log
	.sisyphus/evidence/final-qa/20260428T041229Z-02-fs-rerun-1.log
	.sisyphus/evidence/final-qa/20260428T041229Z-03-fs-rerun-2.log
	.sisyphus/evidence/final-qa/20260428T041229Z-04-git-status-after-reruns.log
	.sisyphus/evidence/final-qa/20260428T041229Z-05-msvc-full.log
	.sisyphus/evidence/final-qa/20260428T041229Z-06-msvc-undefined.log
	.sisyphus/evidence/final-qa/20260428T041229Z-07-edge-empty.log
	.sisyphus/evidence/final-qa/20260428T041229Z-08-edge-permission.log
	.sisyphus/evidence/final-qa/20260428T041229Z-09-edge-nonexistent.log
	.sisyphus/evidence/final-qa/20260428T041229Z-10-run-status.log
	.sisyphus/evidence/final-qa/20260428T041229Z-11-git-status-diff.log
	.sisyphus/evidence/final-qa/20260428T042445Z-00-git-status-before.log
	.sisyphus/evidence/final-qa/20260428T042445Z-01-cargo-clean.log
	.sisyphus/evidence/final-qa/20260428T042445Z-02-fs-rerun-1.log
	.sisyphus/evidence/final-qa/20260428T042445Z-03-fs-rerun-2.log
	.sisyphus/evidence/final-qa/20260428T042445Z-04-git-status-after-reruns.log
	.sisyphus/evidence/final-qa/20260428T042445Z-05-msvc-full.log
	.sisyphus/evidence/final-qa/20260428T042445Z-06-msvc-undefined.log
	.sisyphus/evidence/final-qa/20260428T042445Z-07-edge-empty.log
	.sisyphus/evidence/final-qa/20260428T042445Z-08-edge-permission.log
	.sisyphus/evidence/final-qa/20260428T042445Z-09-edge-nonexistent.log
	.sisyphus/evidence/final-qa/20260428T042445Z-10-run-status.log
	.sisyphus/evidence/final-qa/20260428T042445Z-11-git-status-diff.log
	.sisyphus/evidence/final-qa/20260428T043054Z-00-git-status-before.log
	.sisyphus/evidence/final-qa/20260428T043054Z-01-cargo-clean.log
	.sisyphus/evidence/final-qa/20260428T043054Z-02-fs-rerun-1.log
	.sisyphus/evidence/final-qa/20260428T043054Z-03-fs-rerun-2.log
	.sisyphus/evidence/final-qa/20260428T043054Z-04-git-status-after.log
	.sisyphus/evidence/final-qa/20260428T043054Z-05-msvc-full.log
	.sisyphus/evidence/final-qa/20260428T043054Z-06-msvc-undefined.log
	.sisyphus/evidence/final-qa/20260428T043054Z-07-git-status-diff.log
	.sisyphus/evidence/final-qa/20260428T043054Z-08-run-status.log
	.sisyphus/evidence/final-qa/20260428T062152Z-00-git-status-before.log
	.sisyphus/evidence/final-qa/20260428T062152Z-01-cargo-clean.log
	.sisyphus/evidence/final-qa/20260428T062152Z-02-fs-rerun-1.log
	.sisyphus/evidence/final-qa/20260428T062152Z-03-fs-rerun-2.log
	.sisyphus/evidence/final-qa/20260428T062152Z-04-git-status-after-reruns.log
	.sisyphus/evidence/final-qa/20260428T062152Z-05-msvc-full.log
	.sisyphus/evidence/final-qa/20260428T062152Z-06-msvc-undefined.log
	.sisyphus/evidence/final-qa/20260428T062152Z-07-edge-empty.log
	.sisyphus/evidence/final-qa/20260428T062152Z-08-edge-permission.log
	.sisyphus/evidence/final-qa/20260428T062152Z-09-edge-nonexistent.log
	.sisyphus/evidence/final-qa/20260428T062152Z-10-git-status-diff.log
	.sisyphus/evidence/final-qa/20260428T062152Z-11-run-status.log
	.sisyphus/evidence/final-qa/20260428T065109Z-00-git-status-before.log
	.sisyphus/evidence/final-qa/20260428T065109Z-01-cargo-clean.log
	.sisyphus/evidence/final-qa/20260428T065109Z-02-fs-rerun-1.log
	.sisyphus/evidence/final-qa/20260428T065109Z-03-fs-rerun-2.log
	.sisyphus/evidence/final-qa/20260428T065109Z-04-git-status-after-reruns.log
	.sisyphus/evidence/final-qa/20260428T065109Z-05-msvc-full.log
	.sisyphus/evidence/final-qa/20260428T065109Z-06-msvc-undefined.log
	.sisyphus/evidence/final-qa/20260428T065109Z-07-edge-empty.log
	.sisyphus/evidence/final-qa/20260428T065109Z-08-edge-permission.log
	.sisyphus/evidence/final-qa/20260428T065109Z-09-edge-nonexistent.log
	.sisyphus/evidence/final-qa/20260428T065109Z-10-git-status-diff.log
	.sisyphus/evidence/final-qa/20260428T065109Z-11-run-status.log
	.sisyphus/evidence/final-qa/f2-cargo-build-all-features.txt
	.sisyphus/evidence/final-qa/f2-cargo-clippy-all-targets-all-features.txt
	.sisyphus/evidence/final-qa/f2-cargo-fmt-check.txt
	.sisyphus/evidence/final-qa/f2-cargo-test-all-features.txt
	.sisyphus/evidence/final-qa/f3-cargo-clean.txt
	.sisyphus/evidence/final-qa/f3-final-summary.txt
	.sisyphus/evidence/final-qa/f3-fs-rerun-1.txt
	.sisyphus/evidence/final-qa/f3-fs-rerun-2.txt
	.sisyphus/evidence/final-qa/f3-git-status-short.txt
	.sisyphus/evidence/final-qa/f3-msvc-full.txt
	.sisyphus/evidence/final-qa/f3-msvc-report-undefined.txt
	.sisyphus/evidence/final-qa/latest-run.timestamp
	.sisyphus/evidence/task-31-fs-path-manipulation.log
	.sisyphus/evidence/task-32-fs-markdown-roundtrip.log
	.sisyphus/evidence/task-33-run1.log
	.sisyphus/evidence/task-33-run2.log
	.sisyphus/evidence/task-34-msvc.log
	.sisyphus/evidence/task-34-undef.log
	runtime/opal_msvc_link_probe.obj
	test-projects/_fs_path_file_extension/
	test-projects/_fs_path_file_name/
	test-projects/_fs_path_parent_directory/
	test-projects/_fs_read_contents_happy/
	test-projects/_fs_read_contents_is_dir/
	test-projects/_fs_read_contents_not_found/
	test-projects/_fs_read_lines_crlf/
	test-projects/_fs_read_lines_lf/
	test-projects/_fs_read_lines_mixed/
	test-projects/_fs_read_offset_happy/
	test-projects/_fs_read_offset_oob/
	test-projects/_fs_read_text_happy/
	test-projects/_fs_read_text_invalid_utf8/

no changes added to commit (use "git add" and/or "git commit -a")
The stash entry is kept in case you need it again.
