On branch main
Your branch is ahead of 'origin/main' by 86 commits.
  (use "git push" to publish your local commits)

Changes not staged for commit:
  (use "git add <file>..." to update what will be committed)
  (use "git restore <file>..." to discard changes in working directory)
	modified:   .sisyphus/boulder.json
	modified:   .sisyphus/notepads/fs-test-projects-linux/issues.md
	modified:   .sisyphus/notepads/fs-test-projects-linux/learnings.md
	modified:   .sisyphus/plans/fs-test-projects-linux.md
	modified:   Makefile.toml
	modified:   runtime/opal_fs.c
	modified:   runtime/opal_portability.h
	modified:   src/app/tests.rs
	modified:   src/codegen/adts.rs
	modified:   src/codegen/control_flow.rs
	modified:   src/codegen/functions_call_helpers.rs
	modified:   src/codegen/functions_call_tests.rs
	modified:   src/codegen/functions_stdlib.rs
	modified:   src/codegen/statements.rs
	modified:   src/compiler.rs
	modified:   src/compiler/compiler_helpers.rs
	modified:   src/type_system/module_resolver/standard_symbols_core_io_and_bytes.rs
	modified:   test-projects/fmt-test/expected/input-clean-spaces.expected.op
	modified:   test-projects/fmt-test/expected/input-clean-tabs.expected.op
	modified:   test-projects/fmt-test/expected/input-comments.expected.op
	modified:   test-projects/fmt-test/expected/input-mixed-to-tabs.expected.op
	modified:   test-projects/fmt-test/expected/input-mixed.expected.op
	modified:   test-projects/fmt-test/expected/input-simple-quiz.expected.op
	modified:   test-projects/fmt-test/expected/input-spaces-2indent.expected.op
	modified:   test-projects/fmt-test/expected/input-spaces.expected.op
	modified:   test-projects/fmt-test/expected/input-tabs-to-tabs.expected.op
	modified:   test-projects/fmt-test/expected/input-tabs.expected.op
	modified:   tests/integration_e2e/compile_failures.rs
	modified:   tests/integration_e2e/fs_absolute_path_sync.rs
	modified:   tests/integration_e2e/fs_append_file_string.rs
	modified:   tests/integration_e2e/fs_append_log.rs
	modified:   tests/integration_e2e/fs_copy_file.rs
	modified:   tests/integration_e2e/fs_dir_inventory.rs
	modified:   tests/integration_e2e/fs_directories.rs
	modified:   tests/integration_e2e/fs_directory_operations.rs
	modified:   tests/integration_e2e/fs_helpers.rs
	modified:   tests/integration_e2e/fs_join_path_components.rs
	modified:   tests/integration_e2e/fs_markdown_roundtrip.rs
	modified:   tests/integration_e2e/fs_metadata.rs
	modified:   tests/integration_e2e/fs_normalize_path.rs
	modified:   tests/integration_e2e/fs_path_from.rs
	modified:   tests/integration_e2e/fs_path_helpers_query.rs
	modified:   tests/integration_e2e/fs_path_manipulation.rs
	modified:   tests/integration_e2e/fs_predicates.rs
	modified:   tests/integration_e2e/fs_read_bytes.rs
	modified:   tests/integration_e2e/fs_read_first_line.rs
	modified:   tests/integration_e2e/fs_read_lines.rs
	modified:   tests/integration_e2e/fs_read_text.rs
	modified:   tests/integration_e2e/fs_read_text_lines.rs
	modified:   tests/integration_e2e/fs_rename_path.rs
	modified:   tests/integration_e2e/fs_rerunnability.rs
	modified:   tests/integration_e2e/fs_state_guard.rs
	modified:   tests/integration_e2e/fs_write_file_bytes.rs
	modified:   tests/integration_e2e/fs_write_file_string.rs
	modified:   tests/integration_e2e/fs_write_text_atomic.rs
	modified:   tests/integration_e2e/project_execution.rs
	modified:   tests/integration_e2e/project_execution_rc.rs
	modified:   tests/integration_e2e/tests.rs

Untracked files:
  (use "git add <file>..." to include in what will be committed)
	.sisyphus/evidence/task-31-fs-path-manipulation.log
	.sisyphus/evidence/task-32-fs-markdown-roundtrip.log
	.sisyphus/evidence/task-33-run1.log
	.sisyphus/evidence/task-33-run2.log
	.sisyphus/evidence/task-34-msvc.log
	.sisyphus/evidence/task-34-undef.log

no changes added to commit (use "git add" and/or "git commit -a")
Dropped refs/stash@{0} (70d045fdcd27ff4b49217b3c4e9c9da5180d495c)
