--- .sisyphus/evidence/final-qa/20260428T072555Z-14-git-status-after-restore.log	2026-04-28 03:28:12.818989628 -0400
+++ .sisyphus/evidence/final-qa/20260428T072555Z-00-git-status-before.log	2026-04-28 03:25:55.062994636 -0400
@@ -176,20 +176,6 @@
 ?? .sisyphus/evidence/final-qa/20260428T071340Z-10-git-status-diff.log
 ?? .sisyphus/evidence/final-qa/20260428T071340Z-11-run-status.log
 ?? .sisyphus/evidence/final-qa/20260428T072555Z-00-git-status-before.log
-?? .sisyphus/evidence/final-qa/20260428T072555Z-01-stash-push.log
-?? .sisyphus/evidence/final-qa/20260428T072555Z-02-git-status-after-stash.log
-?? .sisyphus/evidence/final-qa/20260428T072555Z-03-restore-projects-from-tar.log
-?? .sisyphus/evidence/final-qa/20260428T072555Z-04-cargo-clean.log
-?? .sisyphus/evidence/final-qa/20260428T072555Z-05-fs-rerun-1.log
-?? .sisyphus/evidence/final-qa/20260428T072555Z-06-fs-rerun-2.log
-?? .sisyphus/evidence/final-qa/20260428T072555Z-07-git-status-after-reruns-before-restore.log
-?? .sisyphus/evidence/final-qa/20260428T072555Z-08-msvc-full.log
-?? .sisyphus/evidence/final-qa/20260428T072555Z-09-msvc-undefined.log
-?? .sisyphus/evidence/final-qa/20260428T072555Z-10-edge-empty.log
-?? .sisyphus/evidence/final-qa/20260428T072555Z-11-edge-permission.log
-?? .sisyphus/evidence/final-qa/20260428T072555Z-12-edge-nonexistent.log
-?? .sisyphus/evidence/final-qa/20260428T072555Z-13-stash-pop.log
-?? .sisyphus/evidence/final-qa/20260428T072555Z-14-git-status-after-restore.log
 ?? .sisyphus/evidence/final-qa/f2-cargo-build-all-features.txt
 ?? .sisyphus/evidence/final-qa/f2-cargo-clippy-all-targets-all-features.txt
 ?? .sisyphus/evidence/final-qa/f2-cargo-fmt-check.txt
