 M .sisyphus/boulder.json
 M .sisyphus/notepads/fs-test-projects-linux/issues.md
 M .sisyphus/notepads/fs-test-projects-linux/learnings.md
 M .sisyphus/plans/fs-test-projects-linux.md
 M Makefile.toml
 M runtime/opal_fs.c
 M runtime/opal_portability.h
 M src/app/tests.rs
 M src/codegen/adts.rs
 M src/codegen/control_flow.rs
 M src/codegen/functions_call_helpers.rs
 M src/codegen/functions_call_tests.rs
 M src/codegen/functions_stdlib.rs
 M src/codegen/statements.rs
 M src/compiler.rs
 M src/compiler/compiler_helpers.rs
 M src/type_system/module_resolver/standard_symbols_core_io_and_bytes.rs
 M test-projects/fmt-test/expected/input-clean-spaces.expected.op
 M test-projects/fmt-test/expected/input-clean-tabs.expected.op
 M test-projects/fmt-test/expected/input-comments.expected.op
 M test-projects/fmt-test/expected/input-mixed-to-tabs.expected.op
 M test-projects/fmt-test/expected/input-mixed.expected.op
 M test-projects/fmt-test/expected/input-simple-quiz.expected.op
 M test-projects/fmt-test/expected/input-spaces-2indent.expected.op
 M test-projects/fmt-test/expected/input-spaces.expected.op
 M test-projects/fmt-test/expected/input-tabs-to-tabs.expected.op
 M test-projects/fmt-test/expected/input-tabs.expected.op
 M tests/integration_e2e/compile_failures.rs
 M tests/integration_e2e/fs_absolute_path_sync.rs
 M tests/integration_e2e/fs_append_file_string.rs
 M tests/integration_e2e/fs_append_log.rs
 M tests/integration_e2e/fs_copy_file.rs
 M tests/integration_e2e/fs_dir_inventory.rs
 M tests/integration_e2e/fs_directories.rs
 M tests/integration_e2e/fs_directory_operations.rs
 M tests/integration_e2e/fs_helpers.rs
 M tests/integration_e2e/fs_join_path_components.rs
 M tests/integration_e2e/fs_markdown_roundtrip.rs
 M tests/integration_e2e/fs_metadata.rs
 M tests/integration_e2e/fs_normalize_path.rs
 M tests/integration_e2e/fs_path_from.rs
 M tests/integration_e2e/fs_path_helpers_query.rs
 M tests/integration_e2e/fs_path_manipulation.rs
 M tests/integration_e2e/fs_predicates.rs
 M tests/integration_e2e/fs_read_bytes.rs
 M tests/integration_e2e/fs_read_first_line.rs
 M tests/integration_e2e/fs_read_lines.rs
 M tests/integration_e2e/fs_read_text.rs
 M tests/integration_e2e/fs_read_text_lines.rs
 M tests/integration_e2e/fs_rename_path.rs
 M tests/integration_e2e/fs_rerunnability.rs
 M tests/integration_e2e/fs_state_guard.rs
 M tests/integration_e2e/fs_write_file_bytes.rs
 M tests/integration_e2e/fs_write_file_string.rs
 M tests/integration_e2e/fs_write_text_atomic.rs
 M tests/integration_e2e/project_execution.rs
 M tests/integration_e2e/project_execution_rc.rs
 M tests/integration_e2e/tests.rs
?? .sisyphus/evidence/final-qa/20260428T021549Z-00-git-status-before.log
?? .sisyphus/evidence/final-qa/20260428T021549Z-01-cargo-clean.log
?? .sisyphus/evidence/final-qa/20260428T021549Z-02-fs-rerun-1.log
?? .sisyphus/evidence/final-qa/20260428T021549Z-03-fs-rerun-2.log
?? .sisyphus/evidence/final-qa/20260428T021549Z-04-git-status-after-reruns.log
?? .sisyphus/evidence/final-qa/20260428T021549Z-05-msvc-full.log
?? .sisyphus/evidence/final-qa/20260428T021549Z-06-msvc-undefined.log
?? .sisyphus/evidence/final-qa/20260428T021549Z-07-edge-empty.log
?? .sisyphus/evidence/final-qa/20260428T021549Z-08-edge-permission.log
?? .sisyphus/evidence/final-qa/20260428T021549Z-09-edge-nonexistent.log
?? .sisyphus/evidence/final-qa/20260428T033350Z-01-cargo-clean.log
?? .sisyphus/evidence/final-qa/20260428T033350Z-02-fs-rerun-1.log
?? .sisyphus/evidence/final-qa/20260428T033350Z-03-fs-rerun-2.log
?? .sisyphus/evidence/final-qa/20260428T033350Z-04-git-status-after-reruns.log
?? .sisyphus/evidence/final-qa/20260428T033350Z-05-msvc-full.log
?? .sisyphus/evidence/final-qa/20260428T033350Z-06-msvc-undefined.log
?? .sisyphus/evidence/final-qa/20260428T033350Z-07-edge-empty.log
?? .sisyphus/evidence/final-qa/20260428T033350Z-08-edge-permission.log
?? .sisyphus/evidence/final-qa/20260428T033350Z-09-edge-nonexistent.log
?? .sisyphus/evidence/final-qa/20260428T033350Z-10-run-status.log
?? .sisyphus/evidence/final-qa/20260428T040736Z-00-git-status-before.log
?? .sisyphus/evidence/final-qa/20260428T040736Z-01-cargo-clean.log
?? .sisyphus/evidence/final-qa/20260428T040736Z-02-fs-rerun-1.log
?? .sisyphus/evidence/final-qa/20260428T040736Z-03-fs-rerun-2.log
?? .sisyphus/evidence/final-qa/20260428T040736Z-04-git-status-after-reruns.log
?? .sisyphus/evidence/final-qa/20260428T040736Z-05-msvc-full.log
?? .sisyphus/evidence/final-qa/20260428T040736Z-06-msvc-undefined.log
?? .sisyphus/evidence/final-qa/20260428T040736Z-07-edge-empty.log
?? .sisyphus/evidence/final-qa/20260428T040736Z-08-edge-permission.log
?? .sisyphus/evidence/final-qa/20260428T040736Z-09-edge-nonexistent.log
?? .sisyphus/evidence/final-qa/20260428T040736Z-10-run-status.log
?? .sisyphus/evidence/final-qa/20260428T041229Z-00-git-status-before.log
?? .sisyphus/evidence/final-qa/20260428T041229Z-01-cargo-clean.log
?? .sisyphus/evidence/final-qa/20260428T041229Z-02-fs-rerun-1.log
?? .sisyphus/evidence/final-qa/20260428T041229Z-03-fs-rerun-2.log
?? .sisyphus/evidence/final-qa/20260428T041229Z-04-git-status-after-reruns.log
?? .sisyphus/evidence/final-qa/20260428T041229Z-05-msvc-full.log
?? .sisyphus/evidence/final-qa/20260428T041229Z-06-msvc-undefined.log
?? .sisyphus/evidence/final-qa/20260428T041229Z-07-edge-empty.log
?? .sisyphus/evidence/final-qa/20260428T041229Z-08-edge-permission.log
?? .sisyphus/evidence/final-qa/20260428T041229Z-09-edge-nonexistent.log
?? .sisyphus/evidence/final-qa/20260428T041229Z-10-run-status.log
?? .sisyphus/evidence/final-qa/20260428T041229Z-11-git-status-diff.log
?? .sisyphus/evidence/final-qa/20260428T042445Z-00-git-status-before.log
?? .sisyphus/evidence/final-qa/20260428T042445Z-01-cargo-clean.log
?? .sisyphus/evidence/final-qa/20260428T042445Z-02-fs-rerun-1.log
?? .sisyphus/evidence/final-qa/20260428T042445Z-03-fs-rerun-2.log
?? .sisyphus/evidence/final-qa/20260428T042445Z-04-git-status-after-reruns.log
?? .sisyphus/evidence/final-qa/20260428T042445Z-05-msvc-full.log
?? .sisyphus/evidence/final-qa/20260428T042445Z-06-msvc-undefined.log
?? .sisyphus/evidence/final-qa/20260428T042445Z-07-edge-empty.log
?? .sisyphus/evidence/final-qa/20260428T042445Z-08-edge-permission.log
?? .sisyphus/evidence/final-qa/20260428T042445Z-09-edge-nonexistent.log
?? .sisyphus/evidence/final-qa/20260428T042445Z-10-run-status.log
?? .sisyphus/evidence/final-qa/20260428T042445Z-11-git-status-diff.log
?? .sisyphus/evidence/final-qa/20260428T043054Z-00-git-status-before.log
?? .sisyphus/evidence/final-qa/20260428T043054Z-01-cargo-clean.log
?? .sisyphus/evidence/final-qa/20260428T043054Z-02-fs-rerun-1.log
?? .sisyphus/evidence/final-qa/20260428T043054Z-03-fs-rerun-2.log
?? .sisyphus/evidence/final-qa/20260428T043054Z-04-git-status-after.log
?? .sisyphus/evidence/final-qa/20260428T043054Z-05-msvc-full.log
?? .sisyphus/evidence/final-qa/20260428T043054Z-06-msvc-undefined.log
?? .sisyphus/evidence/final-qa/20260428T043054Z-07-git-status-diff.log
?? .sisyphus/evidence/final-qa/20260428T043054Z-08-run-status.log
?? .sisyphus/evidence/final-qa/20260428T062152Z-00-git-status-before.log
?? .sisyphus/evidence/final-qa/20260428T062152Z-01-cargo-clean.log
?? .sisyphus/evidence/final-qa/20260428T062152Z-02-fs-rerun-1.log
?? .sisyphus/evidence/final-qa/20260428T062152Z-03-fs-rerun-2.log
?? .sisyphus/evidence/final-qa/20260428T062152Z-04-git-status-after-reruns.log
?? .sisyphus/evidence/final-qa/20260428T062152Z-05-msvc-full.log
?? .sisyphus/evidence/final-qa/20260428T062152Z-06-msvc-undefined.log
?? .sisyphus/evidence/final-qa/20260428T062152Z-07-edge-empty.log
?? .sisyphus/evidence/final-qa/20260428T062152Z-08-edge-permission.log
?? .sisyphus/evidence/final-qa/20260428T062152Z-09-edge-nonexistent.log
?? .sisyphus/evidence/final-qa/20260428T062152Z-10-git-status-diff.log
?? .sisyphus/evidence/final-qa/20260428T062152Z-11-run-status.log
?? .sisyphus/evidence/final-qa/20260428T065109Z-00-git-status-before.log
?? .sisyphus/evidence/final-qa/f2-cargo-build-all-features.txt
?? .sisyphus/evidence/final-qa/f2-cargo-clippy-all-targets-all-features.txt
?? .sisyphus/evidence/final-qa/f2-cargo-fmt-check.txt
?? .sisyphus/evidence/final-qa/f2-cargo-test-all-features.txt
?? .sisyphus/evidence/final-qa/f3-cargo-clean.txt
?? .sisyphus/evidence/final-qa/f3-final-summary.txt
?? .sisyphus/evidence/final-qa/f3-fs-rerun-1.txt
?? .sisyphus/evidence/final-qa/f3-fs-rerun-2.txt
?? .sisyphus/evidence/final-qa/f3-git-status-short.txt
?? .sisyphus/evidence/final-qa/f3-msvc-full.txt
?? .sisyphus/evidence/final-qa/f3-msvc-report-undefined.txt
?? .sisyphus/evidence/final-qa/latest-run.timestamp
?? .sisyphus/evidence/task-31-fs-path-manipulation.log
?? .sisyphus/evidence/task-32-fs-markdown-roundtrip.log
?? runtime/opal_msvc_link_probe.obj
?? test-projects/_fs_path_file_extension/
?? test-projects/_fs_path_file_name/
?? test-projects/_fs_path_parent_directory/
?? test-projects/_fs_read_contents_happy/
?? test-projects/_fs_read_contents_is_dir/
?? test-projects/_fs_read_contents_not_found/
?? test-projects/_fs_read_lines_crlf/
?? test-projects/_fs_read_lines_lf/
?? test-projects/_fs_read_lines_mixed/
?? test-projects/_fs_read_offset_happy/
?? test-projects/_fs_read_offset_oob/
?? test-projects/_fs_read_text_happy/
?? test-projects/_fs_read_text_invalid_utf8/
