    Finished `test` profile [unoptimized + debuginfo] target(s) in 0.04s
     Running unittests src/lib.rs (target/debug/deps/opalescent-033dd992ae8b06fd)

running 0 tests

test result: ok. 0 passed; 0 failed; 0 ignored; 0 measured; 1170 filtered out; finished in 0.00s

     Running unittests src/main.rs (target/debug/deps/opalescent-1022cef4f35ac85a)

running 0 tests

test result: ok. 0 passed; 0 failed; 0 ignored; 0 measured; 0 filtered out; finished in 0.00s

     Running tests/fmt_integration.rs (target/debug/deps/fmt_integration-a4969f9e5cc4d20e)

running 0 tests

test result: ok. 0 passed; 0 failed; 0 ignored; 0 measured; 14 filtered out; finished in 0.00s

     Running tests/hot_reload_integration.rs (target/debug/deps/hot_reload_integration-5d8106ff6216d2d2)

running 0 tests

test result: ok. 0 passed; 0 failed; 0 ignored; 0 measured; 3 filtered out; finished in 0.00s

     Running tests/integration_e2e.rs (target/debug/deps/integration_e2e-90a6cd731a338c60)

running 1 test
test tests::fs_read_text::read_file_to_string_not_found ... ok

test result: ok. 1 passed; 0 failed; 0 ignored; 0 measured; 110 filtered out; finished in 0.30s

     Running tests/integration_print.rs (target/debug/deps/integration_print-4ad08da74fd6bcfb)

running 0 tests

test result: ok. 0 passed; 0 failed; 0 ignored; 0 measured; 2 filtered out; finished in 0.00s

