runtime/opal_rc.c(37,1): warning: use of 'static_assert' without inclusion of <assert.h> is a Microsoft extension [-Wmicrosoft-static-assert]
OPAL_STATIC_ASSERT(OPAL_RC_REFCOUNT_OFFSET == 0, "refcount offset must be 0");
^
runtime/opal_portability.h(60,41): note: expanded from macro 'OPAL_STATIC_ASSERT'
#  define OPAL_STATIC_ASSERT(cond, msg) static_assert((cond), msg)
                                        ^
runtime/opal_rc.c(38,1): warning: use of 'static_assert' without inclusion of <assert.h> is a Microsoft extension [-Wmicrosoft-static-assert]
OPAL_STATIC_ASSERT(OPAL_RC_WEAK_COUNT_OFFSET == 8, "weak_count offset must be 8");
^
runtime/opal_portability.h(60,41): note: expanded from macro 'OPAL_STATIC_ASSERT'
#  define OPAL_STATIC_ASSERT(cond, msg) static_assert((cond), msg)
                                        ^
runtime/opal_rc.c(39,1): warning: use of 'static_assert' without inclusion of <assert.h> is a Microsoft extension [-Wmicrosoft-static-assert]
OPAL_STATIC_ASSERT(OPAL_RC_DROP_FN_OFFSET == 16, "drop_children_fn offset must be 16");
^
runtime/opal_portability.h(60,41): note: expanded from macro 'OPAL_STATIC_ASSERT'
#  define OPAL_STATIC_ASSERT(cond, msg) static_assert((cond), msg)
                                        ^
runtime/opal_rc.c(40,1): warning: use of 'static_assert' without inclusion of <assert.h> is a Microsoft extension [-Wmicrosoft-static-assert]
OPAL_STATIC_ASSERT(OPAL_RC_HEADER_SIZE == 24, "OpalRcHeader size must be 24");
^
runtime/opal_portability.h(60,41): note: expanded from macro 'OPAL_STATIC_ASSERT'
#  define OPAL_STATIC_ASSERT(cond, msg) static_assert((cond), msg)
                                        ^
4 warnings generated.
In file included from runtime/opal_runtime.c:15:
runtime/opal_rc.h(65,1): warning: use of 'static_assert' without inclusion of <assert.h> is a Microsoft extension [-Wmicrosoft-static-assert]
OPAL_STATIC_ASSERT(OPAL_RC_REFCOUNT_OFFSET == 0, "refcount offset must be 0");
^
runtime/opal_portability.h(60,41): note: expanded from macro 'OPAL_STATIC_ASSERT'
#  define OPAL_STATIC_ASSERT(cond, msg) static_assert((cond), msg)
                                        ^
In file included from runtime/opal_runtime.c:15:
runtime/opal_rc.h(66,1): warning: use of 'static_assert' without inclusion of <assert.h> is a Microsoft extension [-Wmicrosoft-static-assert]
OPAL_STATIC_ASSERT(OPAL_RC_WEAK_COUNT_OFFSET == 8, "weak_count offset must be 8");
^
runtime/opal_portability.h(60,41): note: expanded from macro 'OPAL_STATIC_ASSERT'
#  define OPAL_STATIC_ASSERT(cond, msg) static_assert((cond), msg)
                                        ^
In file included from runtime/opal_runtime.c:15:
runtime/opal_rc.h(67,1): warning: use of 'static_assert' without inclusion of <assert.h> is a Microsoft extension [-Wmicrosoft-static-assert]
OPAL_STATIC_ASSERT(OPAL_RC_DROP_FN_OFFSET == 16, "drop_children_fn offset must be 16");
^
runtime/opal_portability.h(60,41): note: expanded from macro 'OPAL_STATIC_ASSERT'
#  define OPAL_STATIC_ASSERT(cond, msg) static_assert((cond), msg)
                                        ^
In file included from runtime/opal_runtime.c:15:
runtime/opal_rc.h(68,1): warning: use of 'static_assert' without inclusion of <assert.h> is a Microsoft extension [-Wmicrosoft-static-assert]
OPAL_STATIC_ASSERT(OPAL_RC_HEADER_SIZE == 24, "OpalRcHeader size must be 24");
^
runtime/opal_portability.h(60,41): note: expanded from macro 'OPAL_STATIC_ASSERT'
#  define OPAL_STATIC_ASSERT(cond, msg) static_assert((cond), msg)
                                        ^
4 warnings generated.
all object files linked: target/msvc-probe/runtime.dll
0 undefined symbols
MSVC LINK PROBE: PASS
