--- .sisyphus/evidence/final-qa/20260428T065109Z-00-git-status-before.log	2026-04-28 02:51:09.363066554 -0400
+++ .sisyphus/evidence/final-qa/20260428T065109Z-04-git-status-after-reruns.log	2026-04-28 02:53:20.143064392 -0400
@@ -133,6 +133,10 @@
 ?? .sisyphus/evidence/final-qa/20260428T062152Z-10-git-status-diff.log
 ?? .sisyphus/evidence/final-qa/20260428T062152Z-11-run-status.log
 ?? .sisyphus/evidence/final-qa/20260428T065109Z-00-git-status-before.log
+?? .sisyphus/evidence/final-qa/20260428T065109Z-01-cargo-clean.log
+?? .sisyphus/evidence/final-qa/20260428T065109Z-02-fs-rerun-1.log
+?? .sisyphus/evidence/final-qa/20260428T065109Z-03-fs-rerun-2.log
+?? .sisyphus/evidence/final-qa/20260428T065109Z-04-git-status-after-reruns.log
 ?? .sisyphus/evidence/final-qa/f2-cargo-build-all-features.txt
 ?? .sisyphus/evidence/final-qa/f2-cargo-clippy-all-targets-all-features.txt
 ?? .sisyphus/evidence/final-qa/f2-cargo-fmt-check.txt
@@ -147,6 +151,7 @@
 ?? .sisyphus/evidence/final-qa/latest-run.timestamp
 ?? .sisyphus/evidence/task-31-fs-path-manipulation.log
 ?? .sisyphus/evidence/task-32-fs-markdown-roundtrip.log
+?? .sisyphus/evidence/task-33-run1.log
 ?? runtime/opal_msvc_link_probe.obj
 ?? test-projects/_fs_path_file_extension/
 ?? test-projects/_fs_path_file_name/
