   Compiling libc v0.2.175
   Compiling cfg-if v1.0.3
   Compiling proc-macro2 v1.0.101
   Compiling unicode-ident v1.0.18
   Compiling memchr v2.7.5
   Compiling regex-syntax v0.8.8
   Compiling rustix v1.0.8
   Compiling getrandom v0.3.4
   Compiling shlex v1.3.0
   Compiling bitflags v2.9.3
   Compiling linux-raw-sys v0.9.4
   Compiling lazy_static v1.5.0
   Compiling find-msvc-tools v0.1.9
   Compiling cc v1.2.60
   Compiling aho-corasick v1.1.4
   Compiling version_check v0.9.5
   Compiling object v0.36.7
   Compiling once_cell v1.21.3
   Compiling quote v1.0.40
   Compiling semver v1.0.28
   Compiling syn v2.0.106
   Compiling generic-array v0.14.7
   Compiling adler2 v2.0.1
   Compiling gimli v0.31.1
   Compiling miniz_oxide v0.8.9
   Compiling regex-automata v0.4.14
   Compiling thiserror v2.0.18
   Compiling owo-colors v4.2.2
   Compiling zerocopy v0.8.27
   Compiling rustc-demangle v0.1.26
   Compiling typenum v1.20.0
   Compiling rand_core v0.9.3
   Compiling unicode-width v0.2.1
   Compiling autocfg v1.5.0
   Compiling addr2line v0.24.2
   Compiling parking_lot_core v0.9.12
   Compiling unicode-linebreak v0.1.5
   Compiling inkwell v0.8.0
   Compiling thiserror v1.0.69
   Compiling is_ci v1.2.0
   Compiling textwrap v0.16.2
   Compiling supports-color v3.0.2
   Compiling num-traits v0.2.19
   Compiling regex v1.12.3
   Compiling terminal_size v0.4.3
   Compiling unicode-width v0.1.14
   Compiling fastrand v2.3.0
   Compiling supports-hyperlinks v3.1.0
   Compiling slab v0.4.12
   Compiling pin-project-lite v0.2.17
   Compiling smallvec v1.15.1
   Compiling futures-task v0.3.32
   Compiling scopeguard v1.2.0
   Compiling supports-unicode v3.0.0
   Compiling futures-core v0.3.32
   Compiling lock_api v0.4.14
   Compiling futures-util v0.3.32
   Compiling tempfile v3.23.0
   Compiling backtrace v0.3.75
   Compiling llvm-sys v140.1.3
   Compiling block-buffer v0.10.4
   Compiling crypto-common v0.1.7
   Compiling wait-timeout v0.2.1
   Compiling libloading v0.8.9
   Compiling thiserror-impl v2.0.18
   Compiling miette-derive v7.6.0
   Compiling backtrace-ext v0.2.1
   Compiling thiserror-impl v1.0.69
   Compiling inkwell_internals v0.13.0
   Compiling ppv-lite86 v0.2.21
   Compiling quick-error v1.2.3
   Compiling sdd v3.0.10
   Compiling bit-vec v0.8.0
   Compiling fnv v1.0.7
   Compiling unicode-xid v0.2.6
   Compiling rusty-fork v0.3.1
   Compiling bit-set v0.8.0
   Compiling futures-executor v0.3.32
   Compiling scc v2.4.0
   Compiling rand_chacha v0.9.0
   Compiling miette v7.6.0
   Compiling serial_test_derive v3.4.0
   Compiling digest v0.10.7
   Compiling parking_lot v0.12.5
   Compiling rand v0.9.2
   Compiling rand_xorshift v0.4.0
   Compiling unarray v0.1.4
   Compiling log v0.4.29
   Compiling cpufeatures v0.2.17
   Compiling sha2 v0.10.9
   Compiling proptest v1.8.0
   Compiling serial_test v3.4.0
   Compiling opalescent v0.1.0 (/home/justi/Projects/opalescent)
    Finished `test` profile [unoptimized + debuginfo] target(s) in 23.07s
     Running unittests src/lib.rs (target/debug/deps/opalescent-033dd992ae8b06fd)

running 11 tests
test hot_reload::tests::fs_module_loader_returns_load_error_for_missing_library_path ... ok
test hot_reload::tests::fs_module_loader_hot_swap_rejects_abi_break_with_mock ... ok
test stdlib::tests::tests::test_fs_file_exists_after_write ... ok
test stdlib::tests::tests::test_fs_file_exists_missing ... ok
test stdlib::tests::tests::test_fs_list_dir_empty ... ok
test stdlib::tests::tests::test_fs_read_nonexistent ... ok
test stdlib::tests::tests::test_fs_list_dir ... ok
test stdlib::tests::tests::test_fs_write_then_read ... ok
test stdlib::tests::tests::test_fs_write_overwrites ... ok
test hot_reload::tests::fs_module_loader_loads_real_shared_library ... ok
test hot_reload::tests::fs_module_loader_hot_swap_with_real_library_abi_compat ... ok

test result: ok. 11 passed; 0 failed; 0 ignored; 0 measured; 1159 filtered out; finished in 0.31s

     Running unittests src/main.rs (target/debug/deps/opalescent-1022cef4f35ac85a)

running 0 tests

test result: ok. 0 passed; 0 failed; 0 ignored; 0 measured; 0 filtered out; finished in 0.00s

     Running tests/fmt_integration.rs (target/debug/deps/fmt_integration-a4969f9e5cc4d20e)

running 0 tests

test result: ok. 0 passed; 0 failed; 0 ignored; 0 measured; 14 filtered out; finished in 0.00s

     Running tests/hot_reload_integration.rs (target/debug/deps/hot_reload_integration-5d8106ff6216d2d2)

running 2 tests
test tests::hot_reload_fs_loader_returns_error_for_missing_library ... ok
test tests::hot_reload_fs_loader_loads_and_unloads_shared_library ... ok

test result: ok. 2 passed; 0 failed; 0 ignored; 0 measured; 1 filtered out; finished in 0.18s

     Running tests/integration_e2e.rs (target/debug/deps/integration_e2e-90a6cd731a338c60)

running 79 tests
test tests::fs_absolute_path_sync::fs_absolute_path_sync_fixture_showcase ... ok
test tests::fs_append_file_string::append_existing ... ok
test tests::fs_append_file_string::append_not_found ... ok
test tests::fs_append_file_string::append_creates_new ... ok
test tests::fs_copy_file::copy_file_10mb ... ok
test tests::fs_copy_file::copy_file_dest_isdir ... ok
test tests::fs_copy_file::copy_file_dest_parent_missing ... ok
test tests::fs_copy_file::copy_file_perm ... ok
test tests::fs_copy_file::copy_file_src_isdir ... ok
test tests::fs_copy_file::copy_file_src_missing ... ok
test tests::fs_dir_inventory::fs_dir_inventory ... ok
test tests::fs_directories::mkdir_rmdir_roundtrip ... ok
test tests::fs_directories::list_directory_sorted ... ok
test tests::fs_directory_operations::fs_directory_operations ... ok
test tests::fs_append_file_string::append_isdir ... ok
test tests::fs_join_path_components::fs_join_path_components_fixture_showcase ... ok
test tests::fs_join_path_components::join_canonical_matrix ... ok
test tests::fs_join_path_components::join_handles_absolute_reset ... ok
test tests::fs_markdown_roundtrip::fs_markdown_roundtrip ... ok
test tests::fs_metadata::metadata_size_mtime ... ok
test tests::fs_metadata::remove_file_isdir ... ok
test tests::fs_directories::rmdir_not_empty ... ok
test tests::fs_metadata::remove_file_perm ... ok
test tests::fs_metadata::remove_file_success ... ok
test tests::fs_append_log::fs_append_log_monotonic ... ok
test tests::fs_normalize_path::normalize_root_escape_returns_empty ... ok
test tests::fs_path_from::fs_path_from_smoke ... ok
test tests::fs_append_log::fs_append_log ... ok
test tests::fs_normalize_path::normalize_canonical_matrix ... ok
test tests::fs_path_helpers_query::fs_path_helpers_query_fixture_showcase ... ok
test tests::fs_path_manipulation::fs_path_manipulation ... ok
test tests::fs_predicates::fs_predicates_matrix ... ok
test tests::fs_read_bytes::read_file_to_bytes_isdir ... ok
test tests::fs_read_bytes::read_file_to_bytes_256_success ... ok
test tests::fs_read_bytes::read_file_to_bytes_empty ... ok
test tests::fs_read_bytes::read_file_to_bytes_not_found ... ok
test tests::fs_read_bytes::read_file_to_bytes_perm ... ok
test tests::fs_read_first_line::read_first_line_crlf ... ok
test tests::fs_metadata::remove_file_not_found ... ok
test tests::fs_path_from::path_from_handles_empty_via_sentinel ... ok
test tests::fs_read_first_line::read_first_line_multiline_lf ... ok
test tests::fs_append_file_string::append_perm ... ok
test tests::fs_read_first_line::read_first_line_permission_denied ... ok
test tests::fs_read_first_line::read_first_line_single_line_no_lf ... ok
test tests::fs_read_first_line::read_first_line_streaming_bounded ... ok
test tests::fs_read_lines::read_file_to_lines_crlf ... ok
test tests::fs_read_lines::read_file_to_lines_empty ... ok
test tests::fs_read_lines::read_file_to_lines_lf ... ok
test tests::fs_read_first_line::read_first_line_not_found ... ok
test tests::fs_read_first_line::read_first_line_is_directory ... ok
test tests::fs_read_text::read_file_to_string_invalid_utf8 ... ok
test tests::fs_normalize_path::fs_normalize_path_fixture_showcase ... ok
test tests::fs_read_text::read_file_to_string_not_found ... ok
test tests::fs_read_text::read_file_to_string_perm_denied ... ok
test tests::fs_read_text::read_file_to_string_success ... ok
test tests::fs_read_lines::read_file_to_lines_mixed ... ok
test tests::fs_read_lines::read_file_to_lines_trailing_newline ... ok
test tests::fs_rename_path::rename_not_found ... ok
test tests::fs_read_text::read_file_to_string_is_directory ... ok
test tests::fs_state_guard::manifest_diff ... ok
test tests::fs_state_guard::smoke ... ok
test tests::fs_rename_path::rename_perm ... ok
test tests::fs_rename_path::rename_within_fs ... ok
test tests::fs_rerunnability::fs_rerunnability ... FAILED
test tests::fs_read_first_line::read_first_line_empty ... ok
test tests::fs_read_text_lines::fs_read_text_lines_fixture_showcase ... ok
test tests::fs_rename_path::rename_cross_device ... ok
test tests::fs_write_file_bytes::write_file_bytes_isdir ... ok
test tests::fs_rename_path::rename_overwrite ... ok
test tests::fs_write_file_string::write_file_string_disk_full ... ok
test tests::fs_write_file_string::write_file_string_isdir ... ok
test tests::fs_write_file_string::write_file_string_not_found ... ok
test tests::fs_write_file_string::write_file_string_perm ... ok
test tests::fs_write_file_string::write_file_string_success ... ok
test tests::fs_write_text_atomic::fs_write_text_atomic ... ok
test tests::fs_write_file_bytes::write_file_bytes_256_roundtrip ... ok
test tests::fs_write_file_bytes::write_file_bytes_empty ... ok
test tests::fs_write_file_bytes::write_file_bytes_not_found ... ok
test tests::fs_write_file_bytes::write_file_bytes_perm ... ok

failures:

---- tests::fs_rerunnability::fs_rerunnability stdout ----

thread 'tests::fs_rerunnability::fs_rerunnability' panicked at tests/integration_e2e/fs_rerunnability.rs:46:10:
all fs projects should include .gitignore with workspace/ and target/: Custom { kind: Other, error: "fs project .gitignore policy mismatch:\nmissing directory /home/justi/Projects/opalescent/test-projects/_fs_path_file_extension\nmissing directory /home/justi/Projects/opalescent/test-projects/_fs_path_file_name\nmissing directory /home/justi/Projects/opalescent/test-projects/_fs_path_parent_directory\nmissing directory /home/justi/Projects/opalescent/test-projects/_fs_read_text_happy\nmissing directory /home/justi/Projects/opalescent/test-projects/_fs_read_text_invalid_utf8\nmissing directory /home/justi/Projects/opalescent/test-projects/_fs_read_contents_happy\nmissing directory /home/justi/Projects/opalescent/test-projects/_fs_read_contents_is_dir\nmissing directory /home/justi/Projects/opalescent/test-projects/_fs_read_contents_not_found\nmissing directory /home/justi/Projects/opalescent/test-projects/_fs_read_lines_lf\nmissing directory /home/justi/Projects/opalescent/test-projects/_fs_read_lines_crlf\nmissing directory /home/justi/Projects/opalescent/test-projects/_fs_read_lines_mixed\nmissing directory /home/justi/Projects/opalescent/test-projects/_fs_read_offset_happy\nmissing directory /home/justi/Projects/opalescent/test-projects/_fs_read_offset_oob" }


failures:
    tests::fs_rerunnability::fs_rerunnability

test result: FAILED. 78 passed; 1 failed; 0 ignored; 0 measured; 32 filtered out; finished in 26.50s

error: test failed, to rerun pass `--test integration_e2e`
